Using pre-set license
Built from '2020.3/staging' branch; Version is '2020.3.9f1 (108be757e447) revision 1084391'; Using compiler version '192528614'; Build Type 'Release'
OS: 'Windows 10 Pro; OS build 19042.1110; Version 2009; 64bit' Language: 'ru' Physical Memory: 6025 MB
BatchMode: 1, IsHumanControllingUs: 0, StartBugReporterOnCrash: 0, Is64bit: 1, IsPro: 0

 COMMAND LINE ARGUMENTS:
C:\Program Files\Unity\Hub\Editor\2020.3.9f1\Editor\Unity.exe
-adb2
-batchMode
-noUpm
-name
AssetImportWorker2
-projectPath
C:/Users/Владек/Game-of-nig/Game
-logFile
Logs/AssetImportWorker2.log
-srvPort
52550
Successfully changed project path to: C:/Users/Владек/Game-of-nig/Game
C:/Users/Владек/Game-of-nig/Game
Using Asset Import Pipeline V2.
Refreshing native plugins compatible for Editor in 201.32 ms, found 0 plugins.
Preloading 0 native plugins for Editor in 0.00 ms.
Initialize engine version: 2020.3.9f1 (108be757e447)
[Subsystems] Discovering subsystems at path C:/Program Files/Unity/Hub/Editor/2020.3.9f1/Editor/Data/Resources/UnitySubsystems
[Subsystems] Discovering subsystems at path C:/Users/Владек/Game-of-nig/Game/Assets
GfxDevice: creating device client; threaded=0
Direct3D:
    Version:  Direct3D 11.0 [level 11.0]
    Renderer: NVIDIA NVS 4200M (ID=0x1056)
    Vendor:   
    VRAM:     451 MB
    Driver:   23.21.13.9265
Initialize mono
Mono path[0] = 'C:/Program Files/Unity/Hub/Editor/2020.3.9f1/Editor/Data/Managed'
Mono path[1] = 'C:/Program Files/Unity/Hub/Editor/2020.3.9f1/Editor/Data/MonoBleedingEdge/lib/mono/unityjit'
Mono config path = 'C:/Program Files/Unity/Hub/Editor/2020.3.9f1/Editor/Data/MonoBleedingEdge/etc'
Using monoOptions --debugger-agent=transport=dt_socket,embedding=1,server=y,suspend=n,address=127.0.0.1:56496
Begin MonoManager ReloadAssembly
Registering precompiled unity dll's ...
Register platform support module: C:/Program Files/Unity/Hub/Editor/2020.3.9f1/Editor/Data/PlaybackEngines/WindowsStandaloneSupport/UnityEditor.WindowsStandalone.Extensions.dll
Registered in 0.011639 seconds.
Native extension for WindowsStandalone target not found
Refreshing native plugins compatible for Editor in 109.51 ms, found 0 plugins.
Preloading 0 native plugins for Editor in 0.00 ms.
Mono: successfully reloaded assembly
- Completed reload, in  3.815 seconds
Platform modules already initialized, skipping
Registering precompiled user dll's ...
Registered in 0.002465 seconds.
Begin MonoManager ReloadAssembly
Native extension for WindowsStandalone target not found
Refreshing native plugins compatible for Editor in 0.61 ms, found 0 plugins.
Preloading 0 native plugins for Editor in 0.00 ms.
Mono: successfully reloaded assembly
- Completed reload, in  4.230 seconds
Platform modules already initialized, skipping
========================================================================
Worker process is ready to serve import requests
Launched and connected shader compiler UnityShaderCompiler.exe after 0.43 seconds
Refreshing native plugins compatible for Editor in 2.50 ms, found 0 plugins.
Preloading 0 native plugins for Editor in 0.00 ms.
Unloading 1129 Unused Serialized files (Serialized files now loaded: 0)
System memory in use before: 78.5 MB.
System memory in use after: 78.6 MB.

Unloading 10 unused Assets to reduce memory usage. Loaded Objects now: 1599.
Total: 3.531700 ms (FindLiveObjects: 0.306200 ms CreateObjectMapping: 0.080400 ms MarkObjects: 2.812200 ms  DeleteObjects: 0.330500 ms)

========================================================================
Received Import Request.
  path: Assets/Content/Color red.mat
  artifactKey: Guid(6aae1af2a0b9b294c8648a4f3cf0a430) Importer(815301076,1909f56bfc062723c751e8b465ee728b)
Start importing Assets/Content/Color red.mat using Guid(6aae1af2a0b9b294c8648a4f3cf0a430) Importer(815301076,1909f56bfc062723c751e8b465ee728b)  -> (artifact id: 'a262025606fc60e595b3b1608db984d3') in 1.291141 seconds
  Import took 1.346410 seconds .

========================================================================
Received Import Request.
  Time since last request: 48.596847 seconds.
  path: Assets/Content/Scripts for chapter
  artifactKey: Guid(49bdf744452fdb343bf939bead61b0a6) Importer(815301076,1909f56bfc062723c751e8b465ee728b)
Start importing Assets/Content/Scripts for chapter using Guid(49bdf744452fdb343bf939bead61b0a6) Importer(815301076,1909f56bfc062723c751e8b465ee728b)  -> (artifact id: '52831588979b4c327f97ba3809984ed0') in 0.028014 seconds
  Import took 0.041417 seconds .

========================================================================
Received Prepare
Registering precompiled user dll's ...
Registered in 0.002829 seconds.
Begin MonoManager ReloadAssembly
Native extension for WindowsStandalone target not found
Refreshing native plugins compatible for Editor in 0.67 ms, found 0 plugins.
Preloading 0 native plugins for Editor in 0.00 ms.
Mono: successfully reloaded assembly
- Completed reload, in  4.850 seconds
Platform modules already initialized, skipping
Refreshing native plugins compatible for Editor in 0.39 ms, found 0 plugins.
Preloading 0 native plugins for Editor in 0.00 ms.
Unloading 1124 Unused Serialized files (Serialized files now loaded: 0)
System memory in use before: 81.7 MB.
System memory in use after: 81.8 MB.

Unloading 6 unused Assets to reduce memory usage. Loaded Objects now: 1643.
Total: 6.986900 ms (FindLiveObjects: 0.205800 ms CreateObjectMapping: 0.315100 ms MarkObjects: 6.192400 ms  DeleteObjects: 0.270100 ms)

========================================================================
Received Import Request.
  Time since last request: 133.501365 seconds.
  path: Assets/Content/Scripts for chapter/Control.cs
  artifactKey: Guid(fbc5b734339a37b4993d4eb1bfc5dd0d) Importer(815301076,1909f56bfc062723c751e8b465ee728b)
Start importing Assets/Content/Scripts for chapter/Control.cs using Guid(fbc5b734339a37b4993d4eb1bfc5dd0d) Importer(815301076,1909f56bfc062723c751e8b465ee728b)  -> (artifact id: 'b5278b2ca55f574729257091a92c5bab') in 0.563807 seconds
  Import took 0.651844 seconds .

========================================================================
Received Import Request.
  Time since last request: 2073.387630 seconds.
  path: Assets/Content/Scripts for chapter/Control.cs
  artifactKey: Guid(fbc5b734339a37b4993d4eb1bfc5dd0d) Importer(815301076,1909f56bfc062723c751e8b465ee728b)
Start importing Assets/Content/Scripts for chapter/Control.cs using Guid(fbc5b734339a37b4993d4eb1bfc5dd0d) Importer(815301076,1909f56bfc062723c751e8b465ee728b)  -> (artifact id: 'c795d646582d762659ebf6e84cff3e7a') in 1.291392 seconds
  Import took 3.876255 seconds .

========================================================================
Received Prepare
Registering precompiled user dll's ...
Registered in 0.073656 seconds.
Begin MonoManager ReloadAssembly
Native extension for WindowsStandalone target not found
Refreshing native plugins compatible for Editor in 0.57 ms, found 0 plugins.
Preloading 0 native plugins for Editor in 0.00 ms.
Mono: successfully reloaded assembly
- Completed reload, in 12.344 seconds
Platform modules already initialized, skipping
Refreshing native plugins compatible for Editor in 0.44 ms, found 0 plugins.
Preloading 0 native plugins for Editor in 0.00 ms.
Unloading 1124 Unused Serialized files (Serialized files now loaded: 0)
System memory in use before: 81.8 MB.
System memory in use after: 81.8 MB.

Unloading 6 unused Assets to reduce memory usage. Loaded Objects now: 1646.
Total: 447.470100 ms (FindLiveObjects: 97.546200 ms CreateObjectMapping: 0.205800 ms MarkObjects: 338.164300 ms  DeleteObjects: 11.549700 ms)

========================================================================
Received Import Request.
  Time since last request: 431.014576 seconds.
  path: Assets/Content/Scripts for chapter/Control.cs
  artifactKey: Guid(fbc5b734339a37b4993d4eb1bfc5dd0d) Importer(815301076,1909f56bfc062723c751e8b465ee728b)
Start importing Assets/Content/Scripts for chapter/Control.cs using Guid(fbc5b734339a37b4993d4eb1bfc5dd0d) Importer(815301076,1909f56bfc062723c751e8b465ee728b)  -> (artifact id: 'd39e195521b61f97e8fb4ff24fc13bfa') in 0.032534 seconds
  Import took 0.062362 seconds .

========================================================================
Received Prepare
Registering precompiled user dll's ...
Registered in 0.006237 seconds.
Begin MonoManager ReloadAssembly
Native extension for WindowsStandalone target not found
Refreshing native plugins compatible for Editor in 0.43 ms, found 0 plugins.
Preloading 0 native plugins for Editor in 0.00 ms.
Mono: successfully reloaded assembly
- Completed reload, in  3.556 seconds
Platform modules already initialized, skipping
Refreshing native plugins compatible for Editor in 0.40 ms, found 0 plugins.
Preloading 0 native plugins for Editor in 0.00 ms.
Unloading 1124 Unused Serialized files (Serialized files now loaded: 0)
System memory in use before: 81.8 MB.
System memory in use after: 81.8 MB.

Unloading 6 unused Assets to reduce memory usage. Loaded Objects now: 1649.
Total: 2.704800 ms (FindLiveObjects: 0.157100 ms CreateObjectMapping: 0.052800 ms MarkObjects: 2.343500 ms  DeleteObjects: 0.149200 ms)

========================================================================
Received Prepare
Registering precompiled user dll's ...
Registered in 0.002698 seconds.
Begin MonoManager ReloadAssembly
Native extension for WindowsStandalone target not found
Refreshing native plugins compatible for Editor in 0.60 ms, found 0 plugins.
Preloading 0 native plugins for Editor in 0.00 ms.
Mono: successfully reloaded assembly
- Completed reload, in  3.686 seconds
Platform modules already initialized, skipping
Refreshing native plugins compatible for Editor in 0.40 ms, found 0 plugins.
Preloading 0 native plugins for Editor in 0.00 ms.
Unloading 1124 Unused Serialized files (Serialized files now loaded: 0)
System memory in use before: 81.8 MB.
System memory in use after: 81.9 MB.

Unloading 6 unused Assets to reduce memory usage. Loaded Objects now: 1652.
Total: 2.250200 ms (FindLiveObjects: 0.154300 ms CreateObjectMapping: 0.050600 ms MarkObjects: 1.896700 ms  DeleteObjects: 0.147000 ms)

========================================================================
Received Prepare
Registering precompiled user dll's ...
Registered in 0.001903 seconds.
Begin MonoManager ReloadAssembly
Native extension for WindowsStandalone target not found
Refreshing native plugins compatible for Editor in 0.51 ms, found 0 plugins.
Preloading 0 native plugins for Editor in 0.00 ms.
Mono: successfully reloaded assembly
- Completed reload, in  2.406 seconds
Platform modules already initialized, skipping
Refreshing native plugins compatible for Editor in 0.38 ms, found 0 plugins.
Preloading 0 native plugins for Editor in 0.00 ms.
Unloading 1124 Unused Serialized files (Serialized files now loaded: 0)
System memory in use before: 81.8 MB.
System memory in use after: 81.9 MB.

Unloading 6 unused Assets to reduce memory usage. Loaded Objects now: 1655.
Total: 2.338000 ms (FindLiveObjects: 0.166900 ms CreateObjectMapping: 0.057900 ms MarkObjects: 1.955800 ms  DeleteObjects: 0.155700 ms)

========================================================================
Received Prepare
Registering precompiled user dll's ...
Registered in 0.080360 seconds.
Begin MonoManager ReloadAssembly
Native extension for WindowsStandalone target not found
Refreshing native plugins compatible for Editor in 0.42 ms, found 0 plugins.
Preloading 0 native plugins for Editor in 0.00 ms.
Mono: successfully reloaded assembly
- Completed reload, in  2.862 seconds
Platform modules already initialized, skipping
Refreshing native plugins compatible for Editor in 0.41 ms, found 0 plugins.
Preloading 0 native plugins for Editor in 0.00 ms.
Unloading 1124 Unused Serialized files (Serialized files now loaded: 0)
System memory in use before: 81.8 MB.
System memory in use after: 81.9 MB.

Unloading 6 unused Assets to reduce memory usage. Loaded Objects now: 1658.
Total: 2.547900 ms (FindLiveObjects: 0.168900 ms CreateObjectMapping: 0.053300 ms MarkObjects: 2.175100 ms  DeleteObjects: 0.148600 ms)

========================================================================
Received Prepare
Registering precompiled user dll's ...
Registered in 0.002477 seconds.
Begin MonoManager ReloadAssembly
Native extension for WindowsStandalone target not found
Refreshing native plugins compatible for Editor in 0.44 ms, found 0 plugins.
Preloading 0 native plugins for Editor in 0.00 ms.
Mono: successfully reloaded assembly
- Completed reload, in  4.266 seconds
Platform modules already initialized, skipping
Refreshing native plugins compatible for Editor in 0.54 ms, found 0 plugins.
Preloading 0 native plugins for Editor in 0.00 ms.
Unloading 1124 Unused Serialized files (Serialized files now loaded: 0)
System memory in use before: 81.8 MB.
System memory in use after: 81.9 MB.

Unloading 6 unused Assets to reduce memory usage. Loaded Objects now: 1661.
Total: 4.328100 ms (FindLiveObjects: 0.429200 ms CreateObjectMapping: 0.076800 ms MarkObjects: 3.640300 ms  DeleteObjects: 0.178900 ms)

========================================================================
Received Prepare
Registering precompiled user dll's ...
Registered in 0.078996 seconds.
Begin MonoManager ReloadAssembly
Native extension for WindowsStandalone target not found
Refreshing native plugins compatible for Editor in 1.18 ms, found 0 plugins.
Preloading 0 native plugins for Editor in 0.00 ms.
Mono: successfully reloaded assembly
- Completed reload, in 32.226 seconds
Platform modules already initialized, skipping
Refreshing native plugins compatible for Editor in 0.44 ms, found 0 plugins.
Preloading 0 native plugins for Editor in 0.00 ms.
Unloading 1124 Unused Serialized files (Serialized files now loaded: 0)
System memory in use before: 81.8 MB.
System memory in use after: 81.9 MB.

Unloading 6 unused Assets to reduce memory usage. Loaded Objects now: 1664.
Total: 16.855200 ms (FindLiveObjects: 5.576000 ms CreateObjectMapping: 0.613700 ms MarkObjects: 10.436700 ms  DeleteObjects: 0.224100 ms)

========================================================================
Received Prepare
Registering precompiled user dll's ...
Registered in 0.003165 seconds.
Begin MonoManager ReloadAssembly
Native extension for WindowsStandalone target not found
Refreshing native plugins compatible for Editor in 0.58 ms, found 0 plugins.
Preloading 0 native plugins for Editor in 0.00 ms.
Mono: successfully reloaded assembly
- Completed reload, in  4.492 seconds
Platform modules already initialized, skipping
Refreshing native plugins compatible for Editor in 0.41 ms, found 0 plugins.
Preloading 0 native plugins for Editor in 0.00 ms.
Unloading 1124 Unused Serialized files (Serialized files now loaded: 0)
System memory in use before: 81.8 MB.
System memory in use after: 81.9 MB.

Unloading 6 unused Assets to reduce memory usage. Loaded Objects now: 1667.
Total: 26.091900 ms (FindLiveObjects: 0.320500 ms CreateObjectMapping: 0.074500 ms MarkObjects: 25.426100 ms  DeleteObjects: 0.267100 ms)

========================================================================
Received Prepare
Registering precompiled user dll's ...
Registered in 0.006160 seconds.
Begin MonoManager ReloadAssembly
Native extension for WindowsStandalone target not found
Refreshing native plugins compatible for Editor in 0.53 ms, found 0 plugins.
Preloading 0 native plugins for Editor in 0.00 ms.
Mono: successfully reloaded assembly
- Completed reload, in  2.805 seconds
Platform modules already initialized, skipping
Refreshing native plugins compatible for Editor in 0.39 ms, found 0 plugins.
Preloading 0 native plugins for Editor in 0.00 ms.
Unloading 1124 Unused Serialized files (Serialized files now loaded: 0)
System memory in use before: 81.8 MB.
System memory in use after: 81.9 MB.

Unloading 6 unused Assets to reduce memory usage. Loaded Objects now: 1670.
Total: 17.400700 ms (FindLiveObjects: 0.335200 ms CreateObjectMapping: 0.087000 ms MarkObjects: 2.505400 ms  DeleteObjects: 14.470200 ms)

========================================================================
Received Prepare
Registering precompiled user dll's ...
Registered in 0.011518 seconds.
Begin MonoManager ReloadAssembly
Native extension for WindowsStandalone target not found
Refreshing native plugins compatible for Editor in 0.55 ms, found 0 plugins.
Preloading 0 native plugins for Editor in 0.00 ms.
Mono: successfully reloaded assembly
- Completed reload, in  2.592 seconds
Platform modules already initialized, skipping
Refreshing native plugins compatible for Editor in 0.39 ms, found 0 plugins.
Preloading 0 native plugins for Editor in 0.00 ms.
Unloading 1124 Unused Serialized files (Serialized files now loaded: 0)
System memory in use before: 81.8 MB.
System memory in use after: 81.9 MB.

Unloading 6 unused Assets to reduce memory usage. Loaded Objects now: 1673.
Total: 2.059000 ms (FindLiveObjects: 0.168500 ms CreateObjectMapping: 0.051300 ms MarkObjects: 1.692600 ms  DeleteObjects: 0.144700 ms)

========================================================================
Received Prepare
Registering precompiled user dll's ...
Registered in 0.019810 seconds.
Begin MonoManager ReloadAssembly
Native extension for WindowsStandalone target not found
Refreshing native plugins compatible for Editor in 1.08 ms, found 0 plugins.
Preloading 0 native plugins for Editor in 0.00 ms.
Mono: successfully reloaded assembly
- Completed reload, in  3.341 seconds
Platform modules already initialized, skipping
Refreshing native plugins compatible for Editor in 0.45 ms, found 0 plugins.
Preloading 0 native plugins for Editor in 0.00 ms.
Unloading 1124 Unused Serialized files (Serialized files now loaded: 0)
System memory in use before: 81.8 MB.
System memory in use after: 81.9 MB.

Unloading 6 unused Assets to reduce memory usage. Loaded Objects now: 1676.
Total: 7.779200 ms (FindLiveObjects: 0.561400 ms CreateObjectMapping: 0.220900 ms MarkObjects: 6.756300 ms  DeleteObjects: 0.235600 ms)

========================================================================
Received Prepare
Registering precompiled user dll's ...
Registered in 0.001585 seconds.
Begin MonoManager ReloadAssembly
Native extension for WindowsStandalone target not found
Refreshing native plugins compatible for Editor in 0.41 ms, found 0 plugins.
Preloading 0 native plugins for Editor in 0.00 ms.
Mono: successfully reloaded assembly
- Completed reload, in  1.766 seconds
Platform modules already initialized, skipping
Refreshing native plugins compatible for Editor in 0.61 ms, found 0 plugins.
Preloading 0 native plugins for Editor in 0.00 ms.
Unloading 1124 Unused Serialized files (Serialized files now loaded: 0)
System memory in use before: 81.8 MB.
System memory in use after: 81.9 MB.

Unloading 6 unused Assets to reduce memory usage. Loaded Objects now: 1679.
Total: 2.569400 ms (FindLiveObjects: 0.237100 ms CreateObjectMapping: 0.056800 ms MarkObjects: 2.096300 ms  DeleteObjects: 0.176200 ms)

