Using pre-set license
Built from '2020.3/staging' branch; Version is '2020.3.9f1 (108be757e447) revision 1084391'; Using compiler version '192528614'; Build Type 'Release'
OS: 'Windows 10 Pro; OS build 19042.1052; Version 2009; 64bit' Language: 'ru' Physical Memory: 6025 MB
BatchMode: 1, IsHumanControllingUs: 0, StartBugReporterOnCrash: 0, Is64bit: 1, IsPro: 0

 COMMAND LINE ARGUMENTS:
C:\Program Files\Unity\Hub\Editor\2020.3.9f1\Editor\Unity.exe
-adb2
-batchMode
-noUpm
-name
AssetImportWorker8
-projectPath
C:/Users/Владек/Game-of-nig/Game
-logFile
Logs/AssetImportWorker8.log
-srvPort
62976
Successfully changed project path to: C:/Users/Владек/Game-of-nig/Game
C:/Users/Владек/Game-of-nig/Game
Using Asset Import Pipeline V2.
Refreshing native plugins compatible for Editor in 71.40 ms, found 0 plugins.
Preloading 0 native plugins for Editor in 0.00 ms.
Initialize engine version: 2020.3.9f1 (108be757e447)
[Subsystems] Discovering subsystems at path C:/Program Files/Unity/Hub/Editor/2020.3.9f1/Editor/Data/Resources/UnitySubsystems
[Subsystems] Discovering subsystems at path C:/Users/Владек/Game-of-nig/Game/Assets
GfxDevice: creating device client; threaded=0
Direct3D:
    Version:  Direct3D 11.0 [level 11.0]
    Renderer: NVIDIA NVS 4200M (ID=0x1056)
    Vendor:   
    VRAM:     451 MB
    Driver:   23.21.13.9265
Initialize mono
Mono path[0] = 'C:/Program Files/Unity/Hub/Editor/2020.3.9f1/Editor/Data/Managed'
Mono path[1] = 'C:/Program Files/Unity/Hub/Editor/2020.3.9f1/Editor/Data/MonoBleedingEdge/lib/mono/unityjit'
Mono config path = 'C:/Program Files/Unity/Hub/Editor/2020.3.9f1/Editor/Data/MonoBleedingEdge/etc'
Using monoOptions --debugger-agent=transport=dt_socket,embedding=1,server=y,suspend=n,address=127.0.0.1:56804
Begin MonoManager ReloadAssembly
Registering precompiled unity dll's ...
Register platform support module: C:/Program Files/Unity/Hub/Editor/2020.3.9f1/Editor/Data/PlaybackEngines/WindowsStandaloneSupport/UnityEditor.WindowsStandalone.Extensions.dll
Registered in 0.006728 seconds.
Native extension for WindowsStandalone target not found
Refreshing native plugins compatible for Editor in 83.70 ms, found 0 plugins.
Preloading 0 native plugins for Editor in 0.00 ms.
Mono: successfully reloaded assembly
- Completed reload, in  3.918 seconds
Platform modules already initialized, skipping
Registering precompiled user dll's ...
Registered in 0.018517 seconds.
Begin MonoManager ReloadAssembly
Native extension for WindowsStandalone target not found
Refreshing native plugins compatible for Editor in 0.70 ms, found 0 plugins.
Preloading 0 native plugins for Editor in 0.00 ms.
Mono: successfully reloaded assembly
- Completed reload, in 10.343 seconds
Platform modules already initialized, skipping
========================================================================
Worker process is ready to serve import requests
Launched and connected shader compiler UnityShaderCompiler.exe after 2.54 seconds
Refreshing native plugins compatible for Editor in 0.50 ms, found 0 plugins.
Preloading 0 native plugins for Editor in 0.00 ms.
Unloading 1126 Unused Serialized files (Serialized files now loaded: 0)
System memory in use before: 78.3 MB.
System memory in use after: 78.4 MB.

Unloading 10 unused Assets to reduce memory usage. Loaded Objects now: 1596.
Total: 3.599700 ms (FindLiveObjects: 0.528700 ms CreateObjectMapping: 0.068900 ms MarkObjects: 2.735200 ms  DeleteObjects: 0.264200 ms)

========================================================================
Received Import Request.
  path: Assets/Content/Textura_snega.tga
  artifactKey: Guid(014afabd89c04fd48aa6c2308d21c37a) Importer(815301076,1909f56bfc062723c751e8b465ee728b)
Start importing Assets/Content/Textura_snega.tga using Guid(014afabd89c04fd48aa6c2308d21c37a) Importer(815301076,1909f56bfc062723c751e8b465ee728b)  -> (artifact id: 'b422c5dd66cc8da26c8a37b978ca6871') in 1.124584 seconds
  Import took 1.199848 seconds .

========================================================================
Received Import Request.
  Time since last request: 0.000386 seconds.
  path: Assets/Content/Menu.png
  artifactKey: Guid(a1e6c5233a0a61e439c9158ac5e514e7) Importer(815301076,1909f56bfc062723c751e8b465ee728b)
Start importing Assets/Content/Menu.png using Guid(a1e6c5233a0a61e439c9158ac5e514e7) Importer(815301076,1909f56bfc062723c751e8b465ee728b)  -> (artifact id: 'f21b0b0ec2c5b2baa6b9de665f765758') in 0.368284 seconds
  Import took 0.412426 seconds .

========================================================================
Received Import Request.
  Time since last request: 0.000299 seconds.
  path: Assets/Content/main_menu..mp3
  artifactKey: Guid(cc1b48a79aa04864295e15927df68b80) Importer(815301076,1909f56bfc062723c751e8b465ee728b)
Start importing Assets/Content/main_menu..mp3 using Guid(cc1b48a79aa04864295e15927df68b80) Importer(815301076,1909f56bfc062723c751e8b465ee728b)  -> (artifact id: '32beed703886b2f5ef0492fd73274f29') in 0.186241 seconds
  Import took 0.235307 seconds .

========================================================================
Received Import Request.
  Time since last request: 0.000381 seconds.
  path: Assets/Content/Без имени-1.jpg
  artifactKey: Guid(7a40014dead6f194eafe50c5bfe5909f) Importer(815301076,1909f56bfc062723c751e8b465ee728b)
Start importing Assets/Content/Без имени-1.jpg using Guid(7a40014dead6f194eafe50c5bfe5909f) Importer(815301076,1909f56bfc062723c751e8b465ee728b)  -> (artifact id: '024b7217c64615d5cd39b3b61fd4abcf') in 0.101384 seconds
  Import took 0.123729 seconds .

AssetImportWorkerClient::OnTransportError - code=2 error=End of file
