Using pre-set license
Built from '2020.3/staging' branch; Version is '2020.3.9f1 (108be757e447) revision 1084391'; Using compiler version '192528614'; Build Type 'Release'
OS: 'Windows 10 Pro; OS build 19042.1083; Version 2009; 64bit' Language: 'ru' Physical Memory: 6025 MB
BatchMode: 1, IsHumanControllingUs: 0, StartBugReporterOnCrash: 0, Is64bit: 1, IsPro: 0

 COMMAND LINE ARGUMENTS:
C:\Program Files\Unity\Hub\Editor\2020.3.9f1\Editor\Unity.exe
-adb2
-batchMode
-noUpm
-name
AssetImportWorker1
-projectPath
C:/Users/Владек/Game-of-nig/Game
-logFile
Logs/AssetImportWorker1.log
-srvPort
57761
Successfully changed project path to: C:/Users/Владек/Game-of-nig/Game
C:/Users/Владек/Game-of-nig/Game
Using Asset Import Pipeline V2.
Refreshing native plugins compatible for Editor in 81.70 ms, found 0 plugins.
Preloading 0 native plugins for Editor in 0.00 ms.
Initialize engine version: 2020.3.9f1 (108be757e447)
[Subsystems] Discovering subsystems at path C:/Program Files/Unity/Hub/Editor/2020.3.9f1/Editor/Data/Resources/UnitySubsystems
[Subsystems] Discovering subsystems at path C:/Users/Владек/Game-of-nig/Game/Assets
GfxDevice: creating device client; threaded=0
Direct3D:
    Version:  Direct3D 11.0 [level 11.0]
    Renderer: NVIDIA NVS 4200M (ID=0x1056)
    Vendor:   
    VRAM:     451 MB
    Driver:   23.21.13.9265
Initialize mono
Mono path[0] = 'C:/Program Files/Unity/Hub/Editor/2020.3.9f1/Editor/Data/Managed'
Mono path[1] = 'C:/Program Files/Unity/Hub/Editor/2020.3.9f1/Editor/Data/MonoBleedingEdge/lib/mono/unityjit'
Mono config path = 'C:/Program Files/Unity/Hub/Editor/2020.3.9f1/Editor/Data/MonoBleedingEdge/etc'
Using monoOptions --debugger-agent=transport=dt_socket,embedding=1,server=y,suspend=n,address=127.0.0.1:56032
Begin MonoManager ReloadAssembly
Registering precompiled unity dll's ...
Register platform support module: C:/Program Files/Unity/Hub/Editor/2020.3.9f1/Editor/Data/PlaybackEngines/WindowsStandaloneSupport/UnityEditor.WindowsStandalone.Extensions.dll
Registered in 0.010256 seconds.
Native extension for WindowsStandalone target not found
Refreshing native plugins compatible for Editor in 69.10 ms, found 0 plugins.
Preloading 0 native plugins for Editor in 0.00 ms.
Mono: successfully reloaded assembly
- Completed reload, in  3.456 seconds
Platform modules already initialized, skipping
Registering precompiled user dll's ...
Registered in 0.002823 seconds.
Begin MonoManager ReloadAssembly
Native extension for WindowsStandalone target not found
Refreshing native plugins compatible for Editor in 0.38 ms, found 0 plugins.
Preloading 0 native plugins for Editor in 0.00 ms.
Mono: successfully reloaded assembly
- Completed reload, in  4.773 seconds
Platform modules already initialized, skipping
========================================================================
Worker process is ready to serve import requests
Launched and connected shader compiler UnityShaderCompiler.exe after 0.39 seconds
Refreshing native plugins compatible for Editor in 1.97 ms, found 0 plugins.
Preloading 0 native plugins for Editor in 0.00 ms.
Unloading 1128 Unused Serialized files (Serialized files now loaded: 0)
System memory in use before: 78.3 MB.
System memory in use after: 78.4 MB.

Unloading 10 unused Assets to reduce memory usage. Loaded Objects now: 1598.
Total: 2.059100 ms (FindLiveObjects: 0.153000 ms CreateObjectMapping: 0.050600 ms MarkObjects: 1.715400 ms  DeleteObjects: 0.138500 ms)

========================================================================
Received Import Request.
  path: Assets/TerrainData_c405a672-1de7-4b87-8e5c-6cb3be3c1ddc.asset
  artifactKey: Guid(1f81cacdf9b5f0c4ba87b5188acc6964) Importer(815301076,1909f56bfc062723c751e8b465ee728b)
Start importing Assets/TerrainData_c405a672-1de7-4b87-8e5c-6cb3be3c1ddc.asset using Guid(1f81cacdf9b5f0c4ba87b5188acc6964) Importer(815301076,1909f56bfc062723c751e8b465ee728b)  -> (artifact id: '9f586ea88b15b02950f1603f4313ff8a') in 0.414390 seconds
  Import took 0.428561 seconds .

========================================================================
Received Import Request.
  Time since last request: 0.001128 seconds.
  path: Assets/TerrainData_9b6aee88-b401-43bc-ab51-01405574095e.asset
  artifactKey: Guid(33c44ba3305070d4eb2f9d343f39c58a) Importer(815301076,1909f56bfc062723c751e8b465ee728b)
Start importing Assets/TerrainData_9b6aee88-b401-43bc-ab51-01405574095e.asset using Guid(33c44ba3305070d4eb2f9d343f39c58a) Importer(815301076,1909f56bfc062723c751e8b465ee728b)  -> (artifact id: '721d0dcf402f1a27e7feabdc075097e9') in 0.133990 seconds
  Import took 0.141805 seconds .

========================================================================
Received Import Request.
  Time since last request: 0.000264 seconds.
  path: Assets/TerrainData_bf15eb05-f4b9-4b44-ba54-d6841812586f.asset
  artifactKey: Guid(727fe467830f5304dbe2e4957f35166a) Importer(815301076,1909f56bfc062723c751e8b465ee728b)
Start importing Assets/TerrainData_bf15eb05-f4b9-4b44-ba54-d6841812586f.asset using Guid(727fe467830f5304dbe2e4957f35166a) Importer(815301076,1909f56bfc062723c751e8b465ee728b)  -> (artifact id: '2f9a8fde5d905ec0f922d6c35d189cfb') in 0.143005 seconds
  Import took 0.154226 seconds .

========================================================================
Received Import Request.
  Time since last request: 0.006494 seconds.
  path: Assets/Content/Textura_snega.tga
  artifactKey: Guid(014afabd89c04fd48aa6c2308d21c37a) Importer(815301076,1909f56bfc062723c751e8b465ee728b)
Start importing Assets/Content/Textura_snega.tga using Guid(014afabd89c04fd48aa6c2308d21c37a) Importer(815301076,1909f56bfc062723c751e8b465ee728b)  -> (artifact id: 'b422c5dd66cc8da26c8a37b978ca6871') in 0.210855 seconds
  Import took 0.225659 seconds .

========================================================================
Received Import Request.
  Time since last request: 0.000392 seconds.
  path: Assets/TerrainData_b5a956b8-9e5d-4740-be42-635c791956ee.asset
  artifactKey: Guid(fa4d9fec0fc5f4f40bc88159c2f4be5a) Importer(815301076,1909f56bfc062723c751e8b465ee728b)
Start importing Assets/TerrainData_b5a956b8-9e5d-4740-be42-635c791956ee.asset using Guid(fa4d9fec0fc5f4f40bc88159c2f4be5a) Importer(815301076,1909f56bfc062723c751e8b465ee728b)  -> (artifact id: 'd087c26ac1ab90f099d1847fde02550b') in 0.099536 seconds
  Import took 0.106130 seconds .

========================================================================
Received Import Request.
  Time since last request: 0.000347 seconds.
  path: Assets/Content/LOAD.png
  artifactKey: Guid(373e9dc3e3360774da2394d98d699352) Importer(815301076,1909f56bfc062723c751e8b465ee728b)
Start importing Assets/Content/LOAD.png using Guid(373e9dc3e3360774da2394d98d699352) Importer(815301076,1909f56bfc062723c751e8b465ee728b)  -> (artifact id: '8587666b3eda2aa32d0e96af9a5c971a') in 0.378677 seconds
  Import took 0.385221 seconds .

========================================================================
Received Import Request.
  Time since last request: 0.000358 seconds.
  path: Assets/Content/Menu.png
  artifactKey: Guid(a1e6c5233a0a61e439c9158ac5e514e7) Importer(815301076,1909f56bfc062723c751e8b465ee728b)
Start importing Assets/Content/Menu.png using Guid(a1e6c5233a0a61e439c9158ac5e514e7) Importer(815301076,1909f56bfc062723c751e8b465ee728b)  -> (artifact id: 'f21b0b0ec2c5b2baa6b9de665f765758') in 0.133121 seconds
  Import took 0.142459 seconds .

========================================================================
Received Import Request.
  Time since last request: 0.003707 seconds.
  path: Assets/Content/START.png
  artifactKey: Guid(6cc3919eb2f4ed140917140ecbcbed5d) Importer(815301076,1909f56bfc062723c751e8b465ee728b)
Start importing Assets/Content/START.png using Guid(6cc3919eb2f4ed140917140ecbcbed5d) Importer(815301076,1909f56bfc062723c751e8b465ee728b)  -> (artifact id: '120f6053afc2caf804a6e550fc7949c0') in 0.109886 seconds
  Import took 0.147275 seconds .

========================================================================
Received Import Request.
  Time since last request: 0.007857 seconds.
  path: Assets/TerrainData_3f2e1274-236c-4619-9e4c-81b109fabd69.asset
  artifactKey: Guid(d89de113e9fa06641a8c72c8cb3a8bf4) Importer(815301076,1909f56bfc062723c751e8b465ee728b)
Start importing Assets/TerrainData_3f2e1274-236c-4619-9e4c-81b109fabd69.asset using Guid(d89de113e9fa06641a8c72c8cb3a8bf4) Importer(815301076,1909f56bfc062723c751e8b465ee728b)  -> (artifact id: '00b32bb429a3344ec46fe303f4d568e8') in 0.050503 seconds
  Import took 0.056936 seconds .

========================================================================
Received Import Request.
  Time since last request: 0.000309 seconds.
  path: Assets/EffectExamples/SmokeTrail.mat
  artifactKey: Guid(85320f50710fcfb4d886bc56151bea1b) Importer(815301076,1909f56bfc062723c751e8b465ee728b)
Start importing Assets/EffectExamples/SmokeTrail.mat using Guid(85320f50710fcfb4d886bc56151bea1b) Importer(815301076,1909f56bfc062723c751e8b465ee728b)  -> (artifact id: 'bd4cee2062885be6416dfd088df5e9b0') in 1.280493 seconds
  Import took 1.287142 seconds .

========================================================================
Received Import Request.
  Time since last request: 0.000143 seconds.
  path: Assets/Content/EXIT.png
  artifactKey: Guid(86a6e0557d8c7ff4f82a09a0f2dce579) Importer(815301076,1909f56bfc062723c751e8b465ee728b)
Start importing Assets/Content/EXIT.png using Guid(86a6e0557d8c7ff4f82a09a0f2dce579) Importer(815301076,1909f56bfc062723c751e8b465ee728b)  -> (artifact id: '45cb8c779cb99c2ba3b76ef451b42592') in 0.148726 seconds
  Import took 0.171163 seconds .

========================================================================
Received Import Request.
  Time since last request: 0.000347 seconds.
  path: Assets/TerrainData_dd73428c-4402-454b-9b40-83fc8c4f16a8.asset
  artifactKey: Guid(2b564264c8e72da49a3248c500bec4ac) Importer(815301076,1909f56bfc062723c751e8b465ee728b)
Start importing Assets/TerrainData_dd73428c-4402-454b-9b40-83fc8c4f16a8.asset using Guid(2b564264c8e72da49a3248c500bec4ac) Importer(815301076,1909f56bfc062723c751e8b465ee728b)  -> (artifact id: '779ad36198bcb7b1ef1b781337591864') in 0.101838 seconds
  Import took 0.113953 seconds .

========================================================================
Received Import Request.
  Time since last request: 0.000977 seconds.
  path: Assets/TerrainData_93dc33cd-74a6-4b51-bf5a-92d06e6d6729.asset
  artifactKey: Guid(ae8a70a9641360b4da87e982605bff1b) Importer(815301076,1909f56bfc062723c751e8b465ee728b)
Start importing Assets/TerrainData_93dc33cd-74a6-4b51-bf5a-92d06e6d6729.asset using Guid(ae8a70a9641360b4da87e982605bff1b) Importer(815301076,1909f56bfc062723c751e8b465ee728b)  -> (artifact id: '518bdce06a6ecaa86ce97229610853f3') in 0.100132 seconds
  Import took 0.111396 seconds .

========================================================================
Received Import Request.
  Time since last request: 0.000142 seconds.
  path: Assets/TerrainData_85e7e570-3f48-421f-bed2-d31f650cea97.asset
  artifactKey: Guid(f3779a06057f7e349a6b8508761317c5) Importer(815301076,1909f56bfc062723c751e8b465ee728b)
Start importing Assets/TerrainData_85e7e570-3f48-421f-bed2-d31f650cea97.asset using Guid(f3779a06057f7e349a6b8508761317c5) Importer(815301076,1909f56bfc062723c751e8b465ee728b)  -> (artifact id: 'fec4cdc1efcbb72b79518cc497a5211e') in 0.144207 seconds
  Import took 0.163190 seconds .

========================================================================
Received Import Request.
  Time since last request: 0.000362 seconds.
  path: Assets/Content/main_menu..mp3
  artifactKey: Guid(cc1b48a79aa04864295e15927df68b80) Importer(815301076,1909f56bfc062723c751e8b465ee728b)
Start importing Assets/Content/main_menu..mp3 using Guid(cc1b48a79aa04864295e15927df68b80) Importer(815301076,1909f56bfc062723c751e8b465ee728b)  -> (artifact id: '32beed703886b2f5ef0492fd73274f29') in 0.350328 seconds
  Import took 0.380802 seconds .

========================================================================
Received Import Request.
  Time since last request: 0.000824 seconds.
  path: Assets/TerrainData_ef8cbf1e-5de4-41ff-80be-b79946f606a3.asset
  artifactKey: Guid(11541e786d27cfe4bbde027181c6451d) Importer(815301076,1909f56bfc062723c751e8b465ee728b)
Start importing Assets/TerrainData_ef8cbf1e-5de4-41ff-80be-b79946f606a3.asset using Guid(11541e786d27cfe4bbde027181c6451d) Importer(815301076,1909f56bfc062723c751e8b465ee728b)  -> (artifact id: '19b782499033abb4424b59bcc968a8e1') in 0.108638 seconds
  Import took 0.131327 seconds .

========================================================================
Received Import Request.
  Time since last request: 0.000325 seconds.
  path: Assets/TerrainData_25442a74-ebe9-449b-a39b-fe48dc595827.asset
  artifactKey: Guid(1b798c95a65068a49b935a9436154490) Importer(815301076,1909f56bfc062723c751e8b465ee728b)
Start importing Assets/TerrainData_25442a74-ebe9-449b-a39b-fe48dc595827.asset using Guid(1b798c95a65068a49b935a9436154490) Importer(815301076,1909f56bfc062723c751e8b465ee728b)  -> (artifact id: '9d4aef5693699a10e4bb3e5785b3100f') in 0.128601 seconds
  Import took 0.138266 seconds .

========================================================================
Received Import Request.
  Time since last request: 0.000483 seconds.
  path: Assets/NewLayer.terrainlayer
  artifactKey: Guid(8ffe3b8aad5c9cc46a94245aabf58c6e) Importer(815301076,1909f56bfc062723c751e8b465ee728b)
Start importing Assets/NewLayer.terrainlayer using Guid(8ffe3b8aad5c9cc46a94245aabf58c6e) Importer(815301076,1909f56bfc062723c751e8b465ee728b)  -> (artifact id: '90956c25f199a18c754e4bb5aae89fe0') in 0.127040 seconds
  Import took 0.144838 seconds .

========================================================================
Received Import Request.
  Time since last request: 0.000447 seconds.
  path: Assets/New Terrain.asset
  artifactKey: Guid(61e86576ae79fab40af24d6ecea06611) Importer(815301076,1909f56bfc062723c751e8b465ee728b)
Start importing Assets/New Terrain.asset using Guid(61e86576ae79fab40af24d6ecea06611) Importer(815301076,1909f56bfc062723c751e8b465ee728b)  -> (artifact id: '82836b12d44e297429e19e696372b9eb') in 0.091633 seconds
  Import took 0.098158 seconds .

========================================================================
Received Import Request.
  Time since last request: 0.001211 seconds.
  path: Assets/TerrainData_20fa4b7b-59ee-4f8f-9a9f-3a8a2088a66d.asset
  artifactKey: Guid(54b9990fb64d9734f88d030af7d150c8) Importer(815301076,1909f56bfc062723c751e8b465ee728b)
Start importing Assets/TerrainData_20fa4b7b-59ee-4f8f-9a9f-3a8a2088a66d.asset using Guid(54b9990fb64d9734f88d030af7d150c8) Importer(815301076,1909f56bfc062723c751e8b465ee728b)  -> (artifact id: '996e4b7234f8980173f4757b320159c4') in 0.094641 seconds
  Import took 0.101253 seconds .

========================================================================
Received Import Request.
  Time since last request: 0.000328 seconds.
  path: Assets/EffectExamples/Readme.asset
  artifactKey: Guid(83c2ed844a8c74b779a4c823d16594b1) Importer(815301076,1909f56bfc062723c751e8b465ee728b)
Start importing Assets/EffectExamples/Readme.asset using Guid(83c2ed844a8c74b779a4c823d16594b1) Importer(815301076,1909f56bfc062723c751e8b465ee728b)  -> (artifact id: '468e7179bb661ce24b6eb3174de739f0') in 0.128261 seconds
  Import took 0.133267 seconds .

========================================================================
Received Import Request.
  Time since last request: 0.000489 seconds.
  path: Assets/Content/Без имени-1.jpg
  artifactKey: Guid(7a40014dead6f194eafe50c5bfe5909f) Importer(815301076,1909f56bfc062723c751e8b465ee728b)
Start importing Assets/Content/Без имени-1.jpg using Guid(7a40014dead6f194eafe50c5bfe5909f) Importer(815301076,1909f56bfc062723c751e8b465ee728b)  -> (artifact id: '024b7217c64615d5cd39b3b61fd4abcf') in 0.097616 seconds
  Import took 0.117056 seconds .

========================================================================
Received Prepare
Registering precompiled user dll's ...
Registered in 0.001743 seconds.
Begin MonoManager ReloadAssembly
Native extension for WindowsStandalone target not found
Refreshing native plugins compatible for Editor in 0.48 ms, found 0 plugins.
Preloading 0 native plugins for Editor in 0.00 ms.
Mono: successfully reloaded assembly
- Completed reload, in  2.394 seconds
Platform modules already initialized, skipping
Refreshing native plugins compatible for Editor in 0.58 ms, found 0 plugins.
Preloading 0 native plugins for Editor in 0.00 ms.
Unloading 1122 Unused Serialized files (Serialized files now loaded: 0)
System memory in use before: 81.6 MB.
System memory in use after: 81.7 MB.

Unloading 6 unused Assets to reduce memory usage. Loaded Objects now: 1651.
Total: 3.075100 ms (FindLiveObjects: 0.167000 ms CreateObjectMapping: 0.049200 ms MarkObjects: 2.693500 ms  DeleteObjects: 0.163500 ms)

AssetImportWorkerClient::OnTransportError - code=2 error=End of file
