Using pre-set license
Built from '2020.3/staging' branch; Version is '2020.3.9f1 (108be757e447) revision 1084391'; Using compiler version '192528614'; Build Type 'Release'
OS: 'Windows 10 Pro; OS build 19042.985; Version 2009; 64bit' Language: 'ru' Physical Memory: 6025 MB
BatchMode: 1, IsHumanControllingUs: 0, StartBugReporterOnCrash: 0, Is64bit: 1, IsPro: 0

 COMMAND LINE ARGUMENTS:
C:\Program Files\Unity\Hub\Editor\2020.3.9f1\Editor\Unity.exe
-adb2
-batchMode
-noUpm
-name
AssetImportWorker1
-projectPath
C:/Users/Владек/Desktop/Game/Game
-logFile
Logs/AssetImportWorker1.log
-srvPort
51748
Successfully changed project path to: C:/Users/Владек/Desktop/Game/Game
C:/Users/Владек/Desktop/Game/Game
Using Asset Import Pipeline V2.
Refreshing native plugins compatible for Editor in 41.63 ms, found 0 plugins.
Preloading 0 native plugins for Editor in 0.00 ms.
Initialize engine version: 2020.3.9f1 (108be757e447)
[Subsystems] Discovering subsystems at path C:/Program Files/Unity/Hub/Editor/2020.3.9f1/Editor/Data/Resources/UnitySubsystems
[Subsystems] Discovering subsystems at path C:/Users/Владек/Desktop/Game/Game/Assets
GfxDevice: creating device client; threaded=0
Direct3D:
    Version:  Direct3D 11.0 [level 11.0]
    Renderer: NVIDIA NVS 4200M (ID=0x1056)
    Vendor:   
    VRAM:     451 MB
    Driver:   23.21.13.9263
Initialize mono
Mono path[0] = 'C:/Program Files/Unity/Hub/Editor/2020.3.9f1/Editor/Data/Managed'
Mono path[1] = 'C:/Program Files/Unity/Hub/Editor/2020.3.9f1/Editor/Data/MonoBleedingEdge/lib/mono/unityjit'
Mono config path = 'C:/Program Files/Unity/Hub/Editor/2020.3.9f1/Editor/Data/MonoBleedingEdge/etc'
Using monoOptions --debugger-agent=transport=dt_socket,embedding=1,server=y,suspend=n,address=127.0.0.1:56064
Begin MonoManager ReloadAssembly
Registering precompiled unity dll's ...
Register platform support module: C:/Program Files/Unity/Hub/Editor/2020.3.9f1/Editor/Data/PlaybackEngines/WindowsStandaloneSupport/UnityEditor.WindowsStandalone.Extensions.dll
Registered in 0.014239 seconds.
Native extension for WindowsStandalone target not found
Refreshing native plugins compatible for Editor in 60.97 ms, found 0 plugins.
Preloading 0 native plugins for Editor in 0.00 ms.
Mono: successfully reloaded assembly
- Completed reload, in  3.043 seconds
Platform modules already initialized, skipping
Registering precompiled user dll's ...
Registered in 0.001612 seconds.
Begin MonoManager ReloadAssembly
Native extension for WindowsStandalone target not found
Refreshing native plugins compatible for Editor in 0.35 ms, found 0 plugins.
Preloading 0 native plugins for Editor in 0.00 ms.
Mono: successfully reloaded assembly
- Completed reload, in  1.731 seconds
Platform modules already initialized, skipping
========================================================================
Worker process is ready to serve import requests
Launched and connected shader compiler UnityShaderCompiler.exe after 0.40 seconds
Refreshing native plugins compatible for Editor in 0.44 ms, found 0 plugins.
Preloading 0 native plugins for Editor in 0.00 ms.
Unloading 1115 Unused Serialized files (Serialized files now loaded: 0)
System memory in use before: 77.1 MB.
System memory in use after: 77.2 MB.

Unloading 9 unused Assets to reduce memory usage. Loaded Objects now: 1583.
Total: 3.949000 ms (FindLiveObjects: 1.231500 ms CreateObjectMapping: 0.252700 ms MarkObjects: 2.319200 ms  DeleteObjects: 0.143600 ms)

========================================================================
Received Import Request.
  path: Assets/New Terrain.asset
  artifactKey: Guid(61e86576ae79fab40af24d6ecea06611) Importer(815301076,1909f56bfc062723c751e8b465ee728b)
Start importing Assets/New Terrain.asset using Guid(61e86576ae79fab40af24d6ecea06611) Importer(815301076,1909f56bfc062723c751e8b465ee728b)  -> (artifact id: 'aed0583b3b880bad9b6c91d6335f249b') in 0.343224 seconds
  Import took 0.390422 seconds .

========================================================================
Received Prepare
Registering precompiled user dll's ...
Registered in 0.373798 seconds.
Begin MonoManager ReloadAssembly
Native extension for WindowsStandalone target not found
Refreshing native plugins compatible for Editor in 2.52 ms, found 0 plugins.
Preloading 0 native plugins for Editor in 0.00 ms.
Mono: successfully reloaded assembly
- Completed reload, in  1.396 seconds
Platform modules already initialized, skipping
Refreshing native plugins compatible for Editor in 0.35 ms, found 0 plugins.
Preloading 0 native plugins for Editor in 0.00 ms.
Unloading 1121 Unused Serialized files (Serialized files now loaded: 0)
System memory in use before: 77.7 MB.
System memory in use after: 77.5 MB.

Unloading 7 unused Assets to reduce memory usage. Loaded Objects now: 1595.
Total: 2.840300 ms (FindLiveObjects: 0.188800 ms CreateObjectMapping: 0.053600 ms MarkObjects: 2.227600 ms  DeleteObjects: 0.368000 ms)

========================================================================
Received Import Request.
  Time since last request: 241.762161 seconds.
  path: Assets/EffectExamples/Readme.asset
  artifactKey: Guid(83c2ed844a8c74b779a4c823d16594b1) Importer(815301076,1909f56bfc062723c751e8b465ee728b)
Start importing Assets/EffectExamples/Readme.asset using Guid(83c2ed844a8c74b779a4c823d16594b1) Importer(815301076,1909f56bfc062723c751e8b465ee728b)  -> (artifact id: '468e7179bb661ce24b6eb3174de739f0') in 0.064890 seconds
  Import took 0.095428 seconds .

========================================================================
Received Import Request.
  Time since last request: 0.000374 seconds.
  path: Assets/EffectExamples/SmokeTrail.mat
  artifactKey: Guid(85320f50710fcfb4d886bc56151bea1b) Importer(815301076,1909f56bfc062723c751e8b465ee728b)
Start importing Assets/EffectExamples/SmokeTrail.mat using Guid(85320f50710fcfb4d886bc56151bea1b) Importer(815301076,1909f56bfc062723c751e8b465ee728b)  -> (artifact id: 'bd4cee2062885be6416dfd088df5e9b0') in 1.518996 seconds
  Import took 1.522859 seconds .

========================================================================
Received Import Request.
  Time since last request: 226.783943 seconds.
  path: Assets/Samples/Terrain Tools/0.1.0-preview/Terrain Assets/TerrainLayers/dirt.terrainlayer
  artifactKey: Guid(c25f012d8eaba684b9a392d71f427372) Importer(815301076,1909f56bfc062723c751e8b465ee728b)
Start importing Assets/Samples/Terrain Tools/0.1.0-preview/Terrain Assets/TerrainLayers/dirt.terrainlayer using Guid(c25f012d8eaba684b9a392d71f427372) Importer(815301076,1909f56bfc062723c751e8b465ee728b)  -> (artifact id: '466271538b205e4ef84bcf6faeae064c') in 0.091600 seconds
  Import took 0.095294 seconds .

========================================================================
Received Import Request.
  Time since last request: 80.059700 seconds.
  path: Assets/Samples/Terrain Tools/0.1.0-preview/Terrain Assets/TerrainLayers/snow.terrainlayer
  artifactKey: Guid(34a7124a250b6314f803cba5555e7faa) Importer(815301076,1909f56bfc062723c751e8b465ee728b)
Start importing Assets/Samples/Terrain Tools/0.1.0-preview/Terrain Assets/TerrainLayers/snow.terrainlayer using Guid(34a7124a250b6314f803cba5555e7faa) Importer(815301076,1909f56bfc062723c751e8b465ee728b)  -> (artifact id: '06cb9e8130df21d7165451daeafad5e6') in 0.076670 seconds
  Import took 0.098351 seconds .

========================================================================
Received Import Request.
  Time since last request: 54.564926 seconds.
  path: Assets/TerrainData_bf15eb05-f4b9-4b44-ba54-d6841812586f.asset
  artifactKey: Guid(727fe467830f5304dbe2e4957f35166a) Importer(815301076,1909f56bfc062723c751e8b465ee728b)
Start importing Assets/TerrainData_bf15eb05-f4b9-4b44-ba54-d6841812586f.asset using Guid(727fe467830f5304dbe2e4957f35166a) Importer(815301076,1909f56bfc062723c751e8b465ee728b)  -> (artifact id: '4655bd750eb0c154503875c529e09a90') in 0.091318 seconds
  Import took 0.096396 seconds .

========================================================================
Received Import Request.
  Time since last request: 4.169570 seconds.
  path: Assets/TerrainData_9b6aee88-b401-43bc-ab51-01405574095e.asset
  artifactKey: Guid(33c44ba3305070d4eb2f9d343f39c58a) Importer(815301076,1909f56bfc062723c751e8b465ee728b)
Start importing Assets/TerrainData_9b6aee88-b401-43bc-ab51-01405574095e.asset using Guid(33c44ba3305070d4eb2f9d343f39c58a) Importer(815301076,1909f56bfc062723c751e8b465ee728b)  -> (artifact id: '19aa82b32aa2340810a29895514a6e23') in 0.099825 seconds
  Import took 0.108466 seconds .

========================================================================
Received Import Request.
  Time since last request: 0.188774 seconds.
  path: Assets/TerrainData_85e7e570-3f48-421f-bed2-d31f650cea97.asset
  artifactKey: Guid(f3779a06057f7e349a6b8508761317c5) Importer(815301076,1909f56bfc062723c751e8b465ee728b)
Start importing Assets/TerrainData_85e7e570-3f48-421f-bed2-d31f650cea97.asset using Guid(f3779a06057f7e349a6b8508761317c5) Importer(815301076,1909f56bfc062723c751e8b465ee728b)  -> (artifact id: 'c433338cace052fbaf9a3ffc198f9949') in 0.036661 seconds
  Import took 0.041254 seconds .

========================================================================
Received Import Request.
  Time since last request: 0.500604 seconds.
  path: Assets/TerrainData_b5a956b8-9e5d-4740-be42-635c791956ee.asset
  artifactKey: Guid(fa4d9fec0fc5f4f40bc88159c2f4be5a) Importer(815301076,1909f56bfc062723c751e8b465ee728b)
Start importing Assets/TerrainData_b5a956b8-9e5d-4740-be42-635c791956ee.asset using Guid(fa4d9fec0fc5f4f40bc88159c2f4be5a) Importer(815301076,1909f56bfc062723c751e8b465ee728b)  -> (artifact id: 'f87039a192456c951e55bca59dce790d') in 0.035186 seconds
  Import took 0.045876 seconds .

========================================================================
Received Import Request.
  Time since last request: 0.280419 seconds.
  path: Assets/TerrainData_dd73428c-4402-454b-9b40-83fc8c4f16a8.asset
  artifactKey: Guid(2b564264c8e72da49a3248c500bec4ac) Importer(815301076,1909f56bfc062723c751e8b465ee728b)
Start importing Assets/TerrainData_dd73428c-4402-454b-9b40-83fc8c4f16a8.asset using Guid(2b564264c8e72da49a3248c500bec4ac) Importer(815301076,1909f56bfc062723c751e8b465ee728b)  -> (artifact id: '9cfb007ff79aa4b8a25159764e30b41a') in 0.034619 seconds
  Import took 0.037753 seconds .

========================================================================
Received Import Request.
  Time since last request: 0.826399 seconds.
  path: Assets/TerrainData_c405a672-1de7-4b87-8e5c-6cb3be3c1ddc.asset
  artifactKey: Guid(1f81cacdf9b5f0c4ba87b5188acc6964) Importer(815301076,1909f56bfc062723c751e8b465ee728b)
Start importing Assets/TerrainData_c405a672-1de7-4b87-8e5c-6cb3be3c1ddc.asset using Guid(1f81cacdf9b5f0c4ba87b5188acc6964) Importer(815301076,1909f56bfc062723c751e8b465ee728b)  -> (artifact id: '220ce6c66f92b85e62598eaf7e507dd4') in 0.120576 seconds
  Import took 0.129008 seconds .

========================================================================
Received Import Request.
  Time since last request: 0.138099 seconds.
  path: Assets/TerrainData_ef8cbf1e-5de4-41ff-80be-b79946f606a3.asset
  artifactKey: Guid(11541e786d27cfe4bbde027181c6451d) Importer(815301076,1909f56bfc062723c751e8b465ee728b)
Start importing Assets/TerrainData_ef8cbf1e-5de4-41ff-80be-b79946f606a3.asset using Guid(11541e786d27cfe4bbde027181c6451d) Importer(815301076,1909f56bfc062723c751e8b465ee728b)  -> (artifact id: '6c41b500d73041c76fc48de4d1246b50') in 0.073370 seconds
  Import took 0.077409 seconds .

========================================================================
Received Import Request.
  Time since last request: 0.769999 seconds.
  path: Assets/TerrainData_20fa4b7b-59ee-4f8f-9a9f-3a8a2088a66d.asset
  artifactKey: Guid(54b9990fb64d9734f88d030af7d150c8) Importer(815301076,1909f56bfc062723c751e8b465ee728b)
Start importing Assets/TerrainData_20fa4b7b-59ee-4f8f-9a9f-3a8a2088a66d.asset using Guid(54b9990fb64d9734f88d030af7d150c8) Importer(815301076,1909f56bfc062723c751e8b465ee728b)  -> (artifact id: 'bef8cd8d5da401a514d6b98f9eb93b02') in 0.087052 seconds
  Import took 0.094911 seconds .

========================================================================
Received Import Request.
  Time since last request: 31.988096 seconds.
  path: Assets/TerrainData_25442a74-ebe9-449b-a39b-fe48dc595827.asset
  artifactKey: Guid(1b798c95a65068a49b935a9436154490) Importer(815301076,1909f56bfc062723c751e8b465ee728b)
Start importing Assets/TerrainData_25442a74-ebe9-449b-a39b-fe48dc595827.asset using Guid(1b798c95a65068a49b935a9436154490) Importer(815301076,1909f56bfc062723c751e8b465ee728b)  -> (artifact id: 'be56a0d39b266041e61f638e4eb2baa9') in 0.098721 seconds
  Import took 0.102933 seconds .

========================================================================
Received Import Request.
  Time since last request: 1.061472 seconds.
  path: Assets/TerrainData_3f2e1274-236c-4619-9e4c-81b109fabd69.asset
  artifactKey: Guid(d89de113e9fa06641a8c72c8cb3a8bf4) Importer(815301076,1909f56bfc062723c751e8b465ee728b)
Start importing Assets/TerrainData_3f2e1274-236c-4619-9e4c-81b109fabd69.asset using Guid(d89de113e9fa06641a8c72c8cb3a8bf4) Importer(815301076,1909f56bfc062723c751e8b465ee728b)  -> (artifact id: 'df99ec8e2fe648dd2c2706e57ad5dff3') in 0.290748 seconds
  Import took 0.309513 seconds .

========================================================================
Received Import Request.
  Time since last request: 0.259833 seconds.
  path: Assets/TerrainData_93dc33cd-74a6-4b51-bf5a-92d06e6d6729.asset
  artifactKey: Guid(ae8a70a9641360b4da87e982605bff1b) Importer(815301076,1909f56bfc062723c751e8b465ee728b)
Start importing Assets/TerrainData_93dc33cd-74a6-4b51-bf5a-92d06e6d6729.asset using Guid(ae8a70a9641360b4da87e982605bff1b) Importer(815301076,1909f56bfc062723c751e8b465ee728b)  -> (artifact id: 'c0c0f494b71912000e4041d83b9543a8') in 0.059421 seconds
  Import took 0.067826 seconds .

========================================================================
Received Import Request.
  Time since last request: 416.045121 seconds.
  path: Assets
  artifactKey: Guid(00000000000000001000000000000000) Importer(815301076,1909f56bfc062723c751e8b465ee728b)
Start importing Assets using Guid(00000000000000001000000000000000) Importer(815301076,1909f56bfc062723c751e8b465ee728b)  -> (artifact id: '42d402b061de3733987d63b9cc3b64de') in 0.023308 seconds
  Import took 0.026715 seconds .

========================================================================
Received Import Request.
  Time since last request: 14.607892 seconds.
  path: Assets/cam_move.cs
  artifactKey: Guid(d63e60fd5d1f420448eb52739688575b) Importer(815301076,1909f56bfc062723c751e8b465ee728b)
Start importing Assets/cam_move.cs using Guid(d63e60fd5d1f420448eb52739688575b) Importer(815301076,1909f56bfc062723c751e8b465ee728b)  -> (artifact id: 'ec4816be240d0fe686a3ea43923f2bcd') in 9.225570 seconds
  Import took 9.230268 seconds .

